<?xml version="1.0" encoding="UTF-8"?>
<!-- Generated by org.testng.reporters.JUnitXMLReporter -->
<testsuite hostname="LAPTOP-5HASLBE2" ignored="0" name="Test" tests="4" failures="1" timestamp="28 Jul 2020 04:23:50 GMT" time="58.537" errors="0">
  <testcase name="verifyHomePageTitleTest" time="0.027" classname="com.test.qa.testcases.HomePageTest"/>
  <testcase name="verifyHomePageImgTest" time="0.33" classname="com.test.qa.testcases.HomePageTest"/>
  <testcase name="verifyContactLinkHomePageTest" time="31.286" classname="com.test.qa.testcases.HomePageTest">
    <failure type="java.lang.AssertionError" message="expected [false] but found [true]">
      <![CDATA[java.lang.AssertionError: expected [false] but found [true]
	at com.test.qa.testcases.HomePageTest.verifyContactLinkHomePageTest(HomePageTest.java:51)
... Removed 31 stack frames]]>
    </failure>
  </testcase> <!-- verifyContactLinkHomePageTest -->
  <testcase name="verifySigninLinkHomePageTest" time="0.09" classname="com.test.qa.testcases.HomePageTest"/>
</testsuite> <!-- Test -->
